<?xml version="1.0" encoding="UTF-8"?>
<testsuite xmlns:xsi="http://www.w3.org/2001/XMLSchema-instance" xsi:noNamespaceSchemaLocation="https://maven.apache.org/surefire/maven-surefire-plugin/xsd/surefire-test-report-3.0.xsd" version="3.0" name="com.ecoatm.salesplatform.config.AsyncEventFoundationTest" time="16.731" tests="3" errors="0" skipped="0" failures="0">
  <properties>
[...]
</properties>
  <testcase name="listener_firesOnCommit" classname="com.ecoatm.salesplatform.config.AsyncEventFoundationTest" time="0.797">
    <system-out><![CDATA[12:27:12.263 [main] INFO org.springframework.boot.test.context.SpringBootTestContextBootstrapper -- Found @SpringBootConfiguration com.ecoatm.salesplatform.SalesPlatformApplication for test class com.ecoatm.salesplatform.config.AsyncEventFoundationTest

  .   ____          _            __ _ _
 /\\ / ___'_ __ _ _(_)_ __  __ _ \ \ \ \
( ( )\___ | '_ | '_| | '_ \/ _` | \ \ \ \
 \\/  ___)| |_)| | | | | || (_| |  ) ) ) )
  '  |____| .__|_| |_|_| |_\__, | / / / /
 =========|_|==============|___/=/_/_/_/
 :: Spring Boot ::                (v3.2.4)

2026-04-14T12:27:13.404-05:00  INFO 10856 --- [salesplatform] [           main] c.e.s.config.AsyncEventFoundationTest    : Starting AsyncEventFoundationTest using Java 21.0.10 with PID 10856 (started by Ashirwad.Mittal in C:\Users\Ashirwad.Mittal\mendix-extractor\SalesPlatform_Modern\backend)
2026-04-14T12:27:13.407-05:00  INFO 10856 --- [salesplatform] [           main] c.e.s.config.AsyncEventFoundationTest    : The following 1 profile is active: "pg-test"
2026-04-14T12:27:15.456-05:00  INFO 10856 --- [salesplatform] [           main] .s.d.r.c.RepositoryConfigurationDelegate : Bootstrapping Spring Data JPA repositories in DEFAULT mode.
2026-04-14T12:27:15.588-05:00  INFO 10856 --- [salesplatform] [           main] .s.d.r.c.RepositoryConfigurationDelegate : Finished Spring Data repository scanning in 116 ms. Found 24 JPA repository interfaces.
2026-04-14T12:27:17.225-05:00  INFO 10856 --- [salesplatform] [           main] com.zaxxer.hikari.HikariDataSource       : HikariPool-1 - Starting...
2026-04-14T12:27:17.648-05:00  INFO 10856 --- [salesplatform] [           main] com.zaxxer.hikari.pool.HikariPool        : HikariPool-1 - Added connection org.postgresql.jdbc.PgConnection@3d18bdb3
2026-04-14T12:27:17.651-05:00  INFO 10856 --- [salesplatform] [           main] com.zaxxer.hikari.HikariDataSource       : HikariPool-1 - Start completed.
2026-04-14T12:27:17.877-05:00  INFO 10856 --- [salesplatform] [           main] o.f.c.internal.license.VersionPrinter    : Flyway Community Edition 9.22.3 by Redgate
2026-04-14T12:27:17.877-05:00  INFO 10856 --- [salesplatform] [           main] o.f.c.internal.license.VersionPrinter    : See release notes here: https://rd.gt/416ObMi
2026-04-14T12:27:17.877-05:00  INFO 10856 --- [salesplatform] [           main] o.f.c.internal.license.VersionPrinter    : 
2026-04-14T12:27:17.928-05:00  INFO 10856 --- [salesplatform] [           main] org.flywaydb.core.FlywayExecutor         : Database: jdbc:postgresql://localhost:5432/salesplatform_dev (PostgreSQL 15.13)
2026-04-14T12:27:18.433-05:00  INFO 10856 --- [salesplatform] [           main] o.f.core.internal.command.DbMigrate      : Current version of schema "identity": 55
2026-04-14T12:27:18.433-05:00  WARN 10856 --- [salesplatform] [           main] o.f.core.internal.command.DbMigrate      : outOfOrder mode is active. Migration of schema "identity" may not be reproducible.
2026-04-14T12:27:18.437-05:00  INFO 10856 --- [salesplatform] [           main] o.f.core.internal.command.DbMigrate      : Schema "identity" is up to date. No migration necessary.
2026-04-14T12:27:18.645-05:00  INFO 10856 --- [salesplatform] [           main] o.hibernate.jpa.internal.util.LogHelper  : HHH000204: Processing PersistenceUnitInfo [name: default]
2026-04-14T12:27:18.781-05:00  INFO 10856 --- [salesplatform] [           main] org.hibernate.Version                    : HHH000412: Hibernate ORM core version 6.4.4.Final
2026-04-14T12:27:18.843-05:00  INFO 10856 --- [salesplatform] [           main] o.h.c.internal.RegionFactoryInitiator    : HHH000026: Second-level cache disabled
2026-04-14T12:27:19.243-05:00  INFO 10856 --- [salesplatform] [           main] o.s.o.j.p.SpringPersistenceUnitInfo      : No LoadTimeWeaver setup: ignoring JPA class transformer
2026-04-14T12:27:19.326-05:00  WARN 10856 --- [salesplatform] [           main] org.hibernate.orm.deprecation            : HHH90000025: PostgreSQLDialect does not need to be specified explicitly using 'hibernate.dialect' (remove the property setting and it will be selected by default)
2026-04-14T12:27:21.692-05:00  INFO 10856 --- [salesplatform] [           main] o.h.e.t.j.p.i.JtaPlatformInitiator       : HHH000489: No JTA platform available (set 'hibernate.transaction.jta.platform' to enable JTA platform integration)
2026-04-14T12:27:21.699-05:00  INFO 10856 --- [salesplatform] [           main] j.LocalContainerEntityManagerFactoryBean : Initialized JPA EntityManagerFactory for persistence unit 'default'
2026-04-14T12:27:22.523-05:00  INFO 10856 --- [salesplatform] [           main] o.s.d.j.r.query.QueryEnhancerFactory     : Hibernate is in classpath; If applicable, HQL parser will be used.
2026-04-14T12:27:25.435-05:00  WARN 10856 --- [salesplatform] [           main] JpaBaseConfiguration$JpaWebConfiguration : spring.jpa.open-in-view is enabled by default. Therefore, database queries may be performed during view rendering. Explicitly configure spring.jpa.open-in-view to disable this warning
2026-04-14T12:27:25.489-05:00  WARN 10856 --- [salesplatform] [           main] .s.s.UserDetailsServiceAutoConfiguration : 

Using generated security password: 70380075-18c9-41a0-80c0-3bac1374df9d

This generated password is for development use only. Your security configuration must be updated before running your application in production.

2026-04-14T12:27:26.254-05:00  INFO 10856 --- [salesplatform] [           main] o.s.b.a.e.web.EndpointLinksResolver      : Exposing 2 endpoint(s) beneath base path '/actuator'
2026-04-14T12:27:26.392-05:00  INFO 10856 --- [salesplatform] [           main] o.s.s.web.DefaultSecurityFilterChain     : Will secure any request with [org.springframework.security.web.session.DisableEncodeUrlFilter@cab07cc, org.springframework.security.web.context.request.async.WebAsyncManagerIntegrationFilter@63259a5c, org.springframework.security.web.context.SecurityContextHolderFilter@4b5af14f, org.springframework.security.web.header.HeaderWriterFilter@2eb68d1e, org.springframework.web.filter.CorsFilter@1fe6d9c0, org.springframework.security.web.authentication.logout.LogoutFilter@7e65a0ad, com.ecoatm.salesplatform.security.JwtAuthenticationFilter@1a787140, org.springframework.security.web.savedrequest.RequestCacheAwareFilter@279406d0, org.springframework.security.web.servletapi.SecurityContextHolderAwareRequestFilter@27bbad34, org.springframework.security.web.authentication.AnonymousAuthenticationFilter@7d1533ab, org.springframework.security.web.session.SessionManagementFilter@319a367f, org.springframework.security.web.access.ExceptionTranslationFilter@645e1f92, org.springframework.security.web.access.intercept.AuthorizationFilter@63f7321b]
2026-04-14T12:27:27.154-05:00  INFO 10856 --- [salesplatform] [           main] c.e.s.config.AsyncEventFoundationTest    : Started AsyncEventFoundationTest in 14.401 seconds (process running for 17.91)
]]></system-out>
    <system-err><![CDATA[WARNING: A Java agent has been loaded dynamically (C:\Users\Ashirwad.Mittal\.m2\repository\net\bytebuddy\byte-buddy-agent\1.14.12\byte-buddy-agent-1.14.12.jar)
WARNING: If a serviceability tool is in use, please run with -XX:+EnableDynamicAgentLoading to hide this warning
WARNING: If a serviceability tool is not in use, please run with -Djdk.instrument.traceUsage for more information
WARNING: Dynamic loading of agents will be disallowed by default in a future release
]]></system-err>
  </testcase>
  <testcase name="listener_doesNotFireOnRollback" classname="com.ecoatm.salesplatform.config.AsyncEventFoundationTest" time="0.009"/>
  <testcase name="executors_loaded" classname="com.ecoatm.salesplatform.config.AsyncEventFoundationTest" time="0.007"/>
</testsuite>