<?xml version="1.0" encoding="UTF-8"?>
<testsuite xmlns:xsi="http://www.w3.org/2001/XMLSchema-instance" xsi:noNamespaceSchemaLocation="https://maven.apache.org/surefire/maven-surefire-plugin/xsd/surefire-test-report-3.0.xsd" version="3.0" name="com.ecoatm.salesplatform.service.BuyerCodeLookupServiceIT$FindActiveIdByCode" time="21.822" tests="4" errors="0" skipped="0" failures="0">
  <properties>
[...]
</properties>
  <testcase name="inactiveCode" classname="com.ecoatm.salesplatform.service.BuyerCodeLookupServiceIT$FindActiveIdByCode" time="0.942">
    <system-out><![CDATA[15:00:50.049 [main] INFO org.springframework.test.context.support.AnnotationConfigContextLoaderUtils -- Could not detect default configuration classes for test class [com.ecoatm.salesplatform.service.BuyerCodeLookupServiceIT]: BuyerCodeLookupServiceIT does not declare any static, non-private, non-final, nested classes annotated with @Configuration.
15:00:50.447 [main] INFO org.springframework.boot.test.context.SpringBootTestContextBootstrapper -- Found @SpringBootConfiguration com.ecoatm.salesplatform.SalesPlatformApplication for test class com.ecoatm.salesplatform.service.BuyerCodeLookupServiceIT
15:00:50.859 [main] INFO org.springframework.test.context.support.AnnotationConfigContextLoaderUtils -- Could not detect default configuration classes for test class [com.ecoatm.salesplatform.service.BuyerCodeLookupServiceIT$FindActiveIdByCode]: FindActiveIdByCode does not declare any static, non-private, non-final, nested classes annotated with @Configuration.
15:00:50.863 [main] INFO org.springframework.boot.test.context.SpringBootTestContextBootstrapper -- Found @SpringBootConfiguration com.ecoatm.salesplatform.SalesPlatformApplication for test class com.ecoatm.salesplatform.service.BuyerCodeLookupServiceIT$FindActiveIdByCode

  .   ____          _            __ _ _
 /\\ / ___'_ __ _ _(_)_ __  __ _ \ \ \ \
( ( )\___ | '_ | '_| | '_ \/ _` | \ \ \ \
 \\/  ___)| |_)| | | | | || (_| |  ) ) ) )
  '  |____| .__|_| |_|_| |_\__, | / / / /
 =========|_|==============|___/=/_/_/_/
 :: Spring Boot ::                (v3.2.4)

2026-04-09T15:00:51.969-05:00  INFO 40028 --- [salesplatform] [           main] c.e.s.service.BuyerCodeLookupServiceIT   : Starting BuyerCodeLookupServiceIT using Java 21.0.10 with PID 40028 (started by Ashirwad.Mittal in C:\Users\Ashirwad.Mittal\mendix-extractor\SalesPlatform_Modern\backend)
2026-04-09T15:00:51.972-05:00  INFO 40028 --- [salesplatform] [           main] c.e.s.service.BuyerCodeLookupServiceIT   : The following 1 profile is active: "pg-test"
2026-04-09T15:00:55.018-05:00  INFO 40028 --- [salesplatform] [           main] .s.d.r.c.RepositoryConfigurationDelegate : Bootstrapping Spring Data JPA repositories in DEFAULT mode.
2026-04-09T15:00:55.362-05:00  INFO 40028 --- [salesplatform] [           main] .s.d.r.c.RepositoryConfigurationDelegate : Finished Spring Data repository scanning in 300 ms. Found 22 JPA repository interfaces.
2026-04-09T15:00:57.326-05:00  INFO 40028 --- [salesplatform] [           main] com.zaxxer.hikari.HikariDataSource       : HikariPool-1 - Starting...
2026-04-09T15:00:57.856-05:00  INFO 40028 --- [salesplatform] [           main] com.zaxxer.hikari.pool.HikariPool        : HikariPool-1 - Added connection org.postgresql.jdbc.PgConnection@73c72238
2026-04-09T15:00:57.864-05:00  INFO 40028 --- [salesplatform] [           main] com.zaxxer.hikari.HikariDataSource       : HikariPool-1 - Start completed.
2026-04-09T15:00:58.264-05:00  INFO 40028 --- [salesplatform] [           main] o.f.c.internal.license.VersionPrinter    : Flyway Community Edition 9.22.3 by Redgate
2026-04-09T15:00:58.264-05:00  INFO 40028 --- [salesplatform] [           main] o.f.c.internal.license.VersionPrinter    : See release notes here: https://rd.gt/416ObMi
2026-04-09T15:00:58.265-05:00  INFO 40028 --- [salesplatform] [           main] o.f.c.internal.license.VersionPrinter    : 
2026-04-09T15:00:58.351-05:00  INFO 40028 --- [salesplatform] [           main] org.flywaydb.core.FlywayExecutor         : Database: jdbc:postgresql://localhost:5432/salesplatform_dev (PostgreSQL 15.13)
2026-04-09T15:00:58.993-05:00  INFO 40028 --- [salesplatform] [           main] o.f.core.internal.command.DbMigrate      : Current version of schema "identity": 36
2026-04-09T15:00:58.993-05:00  WARN 40028 --- [salesplatform] [           main] o.f.core.internal.command.DbMigrate      : outOfOrder mode is active. Migration of schema "identity" may not be reproducible.
2026-04-09T15:00:59.003-05:00  INFO 40028 --- [salesplatform] [           main] o.f.core.internal.command.DbMigrate      : Schema "identity" is up to date. No migration necessary.
2026-04-09T15:00:59.325-05:00  INFO 40028 --- [salesplatform] [           main] o.hibernate.jpa.internal.util.LogHelper  : HHH000204: Processing PersistenceUnitInfo [name: default]
2026-04-09T15:00:59.553-05:00  INFO 40028 --- [salesplatform] [           main] org.hibernate.Version                    : HHH000412: Hibernate ORM core version 6.4.4.Final
2026-04-09T15:00:59.698-05:00  INFO 40028 --- [salesplatform] [           main] o.h.c.internal.RegionFactoryInitiator    : HHH000026: Second-level cache disabled
2026-04-09T15:01:00.339-05:00  INFO 40028 --- [salesplatform] [           main] o.s.o.j.p.SpringPersistenceUnitInfo      : No LoadTimeWeaver setup: ignoring JPA class transformer
2026-04-09T15:01:00.487-05:00  WARN 40028 --- [salesplatform] [           main] org.hibernate.orm.deprecation            : HHH90000025: PostgreSQLDialect does not need to be specified explicitly using 'hibernate.dialect' (remove the property setting and it will be selected by default)
2026-04-09T15:01:03.758-05:00  INFO 40028 --- [salesplatform] [           main] o.h.e.t.j.p.i.JtaPlatformInitiator       : HHH000489: No JTA platform available (set 'hibernate.transaction.jta.platform' to enable JTA platform integration)
2026-04-09T15:01:03.767-05:00  INFO 40028 --- [salesplatform] [           main] j.LocalContainerEntityManagerFactoryBean : Initialized JPA EntityManagerFactory for persistence unit 'default'
2026-04-09T15:01:06.179-05:00  INFO 40028 --- [salesplatform] [           main] o.s.d.j.r.query.QueryEnhancerFactory     : Hibernate is in classpath; If applicable, HQL parser will be used.
2026-04-09T15:01:09.048-05:00  WARN 40028 --- [salesplatform] [           main] JpaBaseConfiguration$JpaWebConfiguration : spring.jpa.open-in-view is enabled by default. Therefore, database queries may be performed during view rendering. Explicitly configure spring.jpa.open-in-view to disable this warning
2026-04-09T15:01:09.111-05:00  WARN 40028 --- [salesplatform] [           main] .s.s.UserDetailsServiceAutoConfiguration : 

Using generated security password: 2069c783-c7be-4686-b49b-3b5cf8e99dd1

This generated password is for development use only. Your security configuration must be updated before running your application in production.

2026-04-09T15:01:10.314-05:00  INFO 40028 --- [salesplatform] [           main] o.s.b.a.e.web.EndpointLinksResolver      : Exposing 2 endpoint(s) beneath base path '/actuator'
2026-04-09T15:01:10.523-05:00  INFO 40028 --- [salesplatform] [           main] o.s.s.web.DefaultSecurityFilterChain     : Will secure any request with [org.springframework.security.web.session.DisableEncodeUrlFilter@1dae4cd, org.springframework.security.web.context.request.async.WebAsyncManagerIntegrationFilter@623e336d, org.springframework.security.web.context.SecurityContextHolderFilter@52308e01, org.springframework.security.web.header.HeaderWriterFilter@31105e07, org.springframework.web.filter.CorsFilter@62b6002a, org.springframework.security.web.authentication.logout.LogoutFilter@302c4764, com.ecoatm.salesplatform.security.JwtAuthenticationFilter@16508af6, org.springframework.security.web.savedrequest.RequestCacheAwareFilter@5f60c384, org.springframework.security.web.servletapi.SecurityContextHolderAwareRequestFilter@48a526ee, org.springframework.security.web.authentication.AnonymousAuthenticationFilter@523627e9, org.springframework.security.web.session.SessionManagementFilter@581fca01, org.springframework.security.web.access.ExceptionTranslationFilter@612714e5, org.springframework.security.web.access.intercept.AuthorizationFilter@aaf9d7b]
2026-04-09T15:01:11.547-05:00  INFO 40028 --- [salesplatform] [           main] c.e.s.service.BuyerCodeLookupServiceIT   : Started BuyerCodeLookupServiceIT in 20.553 seconds (process running for 23.373)
]]></system-out>
    <system-err><![CDATA[WARNING: A Java agent has been loaded dynamically (C:\Users\Ashirwad.Mittal\.m2\repository\net\bytebuddy\byte-buddy-agent\1.14.12\byte-buddy-agent-1.14.12.jar)
WARNING: If a serviceability tool is in use, please run with -XX:+EnableDynamicAgentLoading to hide this warning
WARNING: If a serviceability tool is not in use, please run with -Djdk.instrument.traceUsage for more information
WARNING: Dynamic loading of agents will be disallowed by default in a future release
]]></system-err>
  </testcase>
  <testcase name="softDeletedCode" classname="com.ecoatm.salesplatform.service.BuyerCodeLookupServiceIT$FindActiveIdByCode" time="0.009"/>
  <testcase name="nonExistentCode" classname="com.ecoatm.salesplatform.service.BuyerCodeLookupServiceIT$FindActiveIdByCode" time="0.008"/>
  <testcase name="activeCode" classname="com.ecoatm.salesplatform.service.BuyerCodeLookupServiceIT$FindActiveIdByCode" time="0.011"/>
</testsuite>