GROUP,PACKAGE,CLASS,INSTRUCTION_MISSED,INSTRUCTION_COVERED,BRANCH_MISSED,BRANCH_COVERED,LINE_MISSED,LINE_COVERED,COMPLEXITY_MISSED,COMPLEXITY_COVERED,METHOD_MISSED,METHOD_COVERED
salesplatform,com.ecoatm.salesplatform.exception,GlobalExceptionHandler,10,136,2,6,2,30,3,11,1,9
salesplatform,com.ecoatm.salesplatform.dto,RmaItemResponse,34,79,1,1,11,20,12,9,11,9
salesplatform,com.ecoatm.salesplatform.dto,RmaSummaryResponse,0,39,0,0,0,14,0,7,0,7
salesplatform,com.ecoatm.salesplatform.dto,OfferSummary,0,39,0,0,0,14,0,7,0,7
salesplatform,com.ecoatm.salesplatform.dto,DirectUserListResponse,356,27,70,0,10,1,56,1,21,1
salesplatform,com.ecoatm.salesplatform.dto,DirectUserDetailResponse,614,122,130,0,1,19,70,35,5,35
salesplatform,com.ecoatm.salesplatform.dto,OracleResponse,0,76,0,0,0,21,0,14,0,14
salesplatform,com.ecoatm.salesplatform.dto,OrderDetailBySkuResponse,0,24,0,0,0,1,0,1,0,1
salesplatform,com.ecoatm.salesplatform.dto,PricingUpdateRequest,0,36,0,0,0,12,0,8,0,8
salesplatform,com.ecoatm.salesplatform.dto,OrderDetailByDeviceResponse,0,30,0,0,0,1,0,1,0,1
salesplatform,com.ecoatm.salesplatform.dto,PriceHistoryResponse,0,86,0,8,0,14,0,6,0,2
salesplatform,com.ecoatm.salesplatform.dto,CartItemRequest,0,38,0,0,0,11,0,11,0,11
salesplatform,com.ecoatm.salesplatform.dto,OfferItemResponse,46,210,7,11,6,56,13,27,6,25
salesplatform,com.ecoatm.salesplatform.dto,OrderHistoryTabCounts,0,15,0,0,0,1,0,1,0,1
salesplatform,com.ecoatm.salesplatform.dto,SubmitResponse,2,189,1,3,0,58,1,19,0,18
salesplatform,com.ecoatm.salesplatform.dto,DirectUserPageResponse,161,33,22,0,2,6,21,6,10,6
salesplatform,com.ecoatm.salesplatform.dto,AtpSyncResult,4,48,0,0,1,14,1,14,1,14
salesplatform,com.ecoatm.salesplatform.dto,CaseLotResponse,25,100,5,7,0,31,5,16,0,15
salesplatform,com.ecoatm.salesplatform.dto,BuyerCodeResponse,183,27,38,0,2,5,28,5,9,5
salesplatform,com.ecoatm.salesplatform.dto,DeviceRequest,0,199,0,0,0,57,0,57,0,57
salesplatform,com.ecoatm.salesplatform.dto,RoleResponse,109,15,22,0,2,3,18,3,7,3
salesplatform,com.ecoatm.salesplatform.dto,DirectUserSaveRequest,312,59,66,0,1,10,38,17,5,17
salesplatform,com.ecoatm.salesplatform.dto,RmaDetailResponse,0,15,0,0,0,6,0,3,0,3
salesplatform,com.ecoatm.salesplatform.dto,LoginResponse,0,12,0,0,0,5,0,1,0,1
salesplatform,com.ecoatm.salesplatform.dto,DeviceResponse,35,160,7,9,0,47,7,25,0,24
salesplatform,com.ecoatm.salesplatform.dto,DeposcoInventoryDto.ItemInventory,0,24,0,0,0,7,0,7,0,7
salesplatform,com.ecoatm.salesplatform.dto,LoginRequest,118,24,26,0,0,4,17,7,4,7
salesplatform,com.ecoatm.salesplatform.dto,DeposcoInventoryDto.FacilityInventory,0,38,0,0,0,11,0,11,0,11
salesplatform,com.ecoatm.salesplatform.dto,PricingDeviceResponse,7,187,7,7,0,42,7,28,0,28
salesplatform,com.ecoatm.salesplatform.dto,DeposcoInventoryDto.InventoryPage,0,24,0,0,0,7,0,7,0,7
salesplatform,com.ecoatm.salesplatform.dto,DeposcoInventoryDto,3,0,0,0,1,0,1,0,1,0
salesplatform,com.ecoatm.salesplatform.dto,CsvUploadResult,0,15,0,0,0,1,0,1,0,1
salesplatform,com.ecoatm.salesplatform.dto,RmaSubmitResponse,85,0,0,0,25,0,15,0,15,0
salesplatform,com.ecoatm.salesplatform.dto,OrderHistoryResponse,0,82,0,0,0,17,0,2,0,2
salesplatform,com.ecoatm.salesplatform.dto,OfferResponse,14,170,3,7,3,41,6,26,3,24
salesplatform,com.ecoatm.salesplatform.dto,OfferListItem,0,87,0,0,0,25,0,25,0,25
salesplatform,com.ecoatm.salesplatform.dto,RmaResponse,13,206,6,12,2,44,8,26,2,23
salesplatform,com.ecoatm.salesplatform.dto,BuyerResponse,109,15,22,0,2,3,18,3,7,3
salesplatform,com.ecoatm.salesplatform.dto,RmaReasonResponse,34,0,0,0,10,0,7,0,7,0
salesplatform,com.ecoatm.salesplatform.model.pws,Order,11,148,0,0,5,42,2,41,2,41
salesplatform,com.ecoatm.salesplatform.model.pws,OrderHistoryView,3,48,0,0,1,16,1,16,1,16
salesplatform,com.ecoatm.salesplatform.model.pws,Offer,43,147,0,0,14,42,11,40,11,40
salesplatform,com.ecoatm.salesplatform.model.pws,CaseLot,17,80,0,0,4,23,4,23,4,23
salesplatform,com.ecoatm.salesplatform.model.pws,RmaStatus,84,35,0,0,26,10,23,10,23,10
salesplatform,com.ecoatm.salesplatform.model.pws,ImeiDetail,32,45,0,0,11,13,8,13,8,13
salesplatform,com.ecoatm.salesplatform.model.pws,Rma,106,130,0,0,32,37,29,36,29,36
salesplatform,com.ecoatm.salesplatform.model.pws,RmaReason,49,0,0,0,16,0,13,0,13,0
salesplatform,com.ecoatm.salesplatform.model.pws,FuturePriceConfig,6,25,0,0,2,7,2,7,2,7
salesplatform,com.ecoatm.salesplatform.model.pws,ShipmentDetail,11,66,0,0,5,19,2,19,2,19
salesplatform,com.ecoatm.salesplatform.model.pws,RmaItem,54,72,0,0,17,21,14,21,14,21
salesplatform,com.ecoatm.salesplatform.model.pws,OfferItem,42,133,0,0,14,38,11,38,11,38
salesplatform,com.ecoatm.salesplatform.controller,OfferReviewController,2,95,2,2,0,17,2,10,0,10
salesplatform,com.ecoatm.salesplatform.controller,InventoryController,44,72,3,3,9,19,5,6,2,6
salesplatform,com.ecoatm.salesplatform.controller,RmaController,58,71,4,4,15,15,5,10,3,8
salesplatform,com.ecoatm.salesplatform.controller,AuthController,13,32,0,2,3,8,1,4,1,3
salesplatform,com.ecoatm.salesplatform.controller,OfferController,20,144,5,9,5,31,5,13,0,11
salesplatform,com.ecoatm.salesplatform.controller,CounterOfferController,0,49,0,0,0,10,0,7,0,7
salesplatform,com.ecoatm.salesplatform.controller,AtpSyncController,0,64,0,0,0,18,0,4,0,4
salesplatform,com.ecoatm.salesplatform.controller,OracleConfigController.OracleConfigDto,0,3,0,0,0,1,0,1,0,1
salesplatform,com.ecoatm.salesplatform.controller,PWSSessionController,105,0,8,0,21,0,7,0,3,0
salesplatform,com.ecoatm.salesplatform.controller,PricingController,15,130,3,11,3,29,3,10,0,6
salesplatform,com.ecoatm.salesplatform.controller,DirectUserController,7,42,0,0,1,7,1,6,1,6
salesplatform,com.ecoatm.salesplatform.controller,OrderHistoryController,16,35,0,0,4,9,2,4,2,4
salesplatform,com.ecoatm.salesplatform.controller,OracleConfigController,82,283,11,19,15,65,6,17,0,8
salesplatform,com.ecoatm.salesplatform.controller,FuturePriceConfigController,2,58,3,5,0,15,3,4,0,3
salesplatform,com.ecoatm.salesplatform.controller,PWSAdminController,0,1174,2,10,0,108,2,41,0,37
salesplatform,com.ecoatm.salesplatform,SalesPlatformApplication,5,3,0,0,2,1,1,1,1,1
salesplatform,com.ecoatm.salesplatform.model.integration,OracleConfig,7,66,0,0,2,19,2,19,2,19
salesplatform,com.ecoatm.salesplatform.model.integration,ApiLog,7,0,0,0,2,0,2,0,2,0
salesplatform,com.ecoatm.salesplatform.service,DirectUserService,41,671,24,30,2,139,23,19,0,15
salesplatform,com.ecoatm.salesplatform.service,FuturePriceConfigService,16,33,1,1,4,10,1,3,0,3
salesplatform,com.ecoatm.salesplatform.service,PwsInventoryService,322,389,35,21,45,85,33,27,8,24
salesplatform,com.ecoatm.salesplatform.service,OfferService,648,1790,105,163,125,363,86,87,2,37
salesplatform,com.ecoatm.salesplatform.service,BuyerCodeLookupService,258,0,32,0,49,0,23,0,7,0
salesplatform,com.ecoatm.salesplatform.service,BuyerCodeService,0,112,1,9,0,26,1,9,0,5
salesplatform,com.ecoatm.salesplatform.service,PWSEmailService.PriceSource,24,0,0,0,1,0,1,0,1,0
salesplatform,com.ecoatm.salesplatform.service,RmaService,457,754,56,50,102,158,42,38,8,19
salesplatform,com.ecoatm.salesplatform.service,OrderHistoryService,42,278,1,32,5,71,8,27,7,10
salesplatform,com.ecoatm.salesplatform.service,CounterOfferService,93,776,19,69,7,169,25,49,7,23
salesplatform,com.ecoatm.salesplatform.service,OfferReviewService,81,1080,34,79,4,209,39,51,6,26
salesplatform,com.ecoatm.salesplatform.service,AuthService,50,230,14,16,8,43,11,10,0,6
salesplatform,com.ecoatm.salesplatform.service,PWSEmailService,594,13,68,0,133,6,49,2,15,2
salesplatform,com.ecoatm.salesplatform.service,AtpSyncService,449,269,46,28,97,62,27,18,3,5
salesplatform,com.ecoatm.salesplatform.service,BuyerCodeLookupService.BuyerCodeInfo,9,0,0,0,1,0,1,0,1,0
salesplatform,com.ecoatm.salesplatform.service,PricingService,235,237,43,13,38,59,24,13,1,8
salesplatform,com.ecoatm.salesplatform.security,JwtService,0,88,0,2,0,26,0,8,0,7
salesplatform,com.ecoatm.salesplatform.security,JwtAuthenticationFilter,2,68,0,6,2,16,0,6,0,3
salesplatform,com.ecoatm.salesplatform.security,SecurityConfig,0,163,0,0,0,26,0,9,0,9
salesplatform,com.ecoatm.salesplatform.model,EcoATMDirectUser,98,3,0,0,15,1,28,1,28,1
salesplatform,com.ecoatm.salesplatform.model,Account,35,3,0,0,6,1,10,1,10,1
salesplatform,com.ecoatm.salesplatform.model,User,7,38,0,0,1,7,2,11,2,11
salesplatform,com.ecoatm.salesplatform.model.mdm,Condition,0,3,0,0,0,1,0,1,0,1
salesplatform,com.ecoatm.salesplatform.model.mdm,Capacity,0,3,0,0,0,1,0,1,0,1
salesplatform,com.ecoatm.salesplatform.model.mdm,Grade,0,3,0,0,0,1,0,1,0,1
salesplatform,com.ecoatm.salesplatform.model.mdm,Brand,0,3,0,0,0,1,0,1,0,1
salesplatform,com.ecoatm.salesplatform.model.mdm,Category,0,3,0,0,0,1,0,1,0,1
salesplatform,com.ecoatm.salesplatform.model.mdm,BaseLookup,0,49,0,0,0,15,0,13,0,13
salesplatform,com.ecoatm.salesplatform.model.mdm,Model,0,3,0,0,0,1,0,1,0,1
salesplatform,com.ecoatm.salesplatform.model.mdm,Carrier,0,3,0,0,0,1,0,1,0,1
salesplatform,com.ecoatm.salesplatform.model.mdm,Device,18,174,0,0,7,51,4,49,4,49
salesplatform,com.ecoatm.salesplatform.model.mdm,PriceHistory,3,56,0,0,1,16,1,16,1,16
salesplatform,com.ecoatm.salesplatform.model.mdm,Color,0,3,0,0,0,1,0,1,0,1
